<?xml version="1.0" encoding="UTF-8"?>
<testsuite xmlns:xsi="http://www.w3.org/2001/XMLSchema-instance" xsi:noNamespaceSchemaLocation="https://maven.apache.org/surefire/maven-surefire-plugin/xsd/surefire-test-report.xsd" version="3.0.2" name="com.techie.microservices.inventory.InventoryServiceApplicationTests" time="9.53" tests="1" errors="0" skipped="0" failures="0">
  <properties>
[...]
</properties>
  <testcase name="contextLoads" classname="com.techie.microservices.inventory.InventoryServiceApplicationTests" time="0.254">
    <system-out><![CDATA[13:38:08.948 [main] INFO org.springframework.test.context.support.AnnotationConfigContextLoaderUtils -- Could not detect default configuration classes for test class [com.techie.microservices.inventory.InventoryServiceApplicationTests]: InventoryServiceApplicationTests does not declare any static, non-private, non-final, nested classes annotated with @Configuration.
13:38:09.006 [main] INFO org.springframework.boot.test.context.SpringBootTestContextBootstrapper -- Found @SpringBootConfiguration com.techie.microservices.inventory.InventoryServiceApplication for test class com.techie.microservices.inventory.InventoryServiceApplicationTests

  .   ____          _            __ _ _
 /\\ / ___'_ __ _ _(_)_ __  __ _ \ \ \ \
( ( )\___ | '_ | '_| | '_ \/ _` | \ \ \ \
 \\/  ___)| |_)| | | | | || (_| |  ) ) ) )
  '  |____| .__|_| |_|_| |_\__, | / / / /
 =========|_|==============|___/=/_/_/_/

 :: Spring Boot ::                (v3.4.0)

2024-12-19T13:38:09.160-06:00  INFO 2862 --- [inventory-service] [           main] c.t.m.i.InventoryServiceApplicationTests : Starting InventoryServiceApplicationTests using Java 23 with PID 2862 (started by rohitkanithi in /Users/rohitkanithi/Downloads/inventory-service)
2024-12-19T13:38:09.160-06:00  INFO 2862 --- [inventory-service] [           main] c.t.m.i.InventoryServiceApplicationTests : No active profile set, falling back to 1 default profile: "default"
2024-12-19T13:38:09.378-06:00  INFO 2862 --- [inventory-service] [           main] .s.d.r.c.RepositoryConfigurationDelegate : Bootstrapping Spring Data JPA repositories in DEFAULT mode.
2024-12-19T13:38:09.398-06:00  INFO 2862 --- [inventory-service] [           main] .s.d.r.c.RepositoryConfigurationDelegate : Finished Spring Data repository scanning in 16 ms. Found 1 JPA repository interface.
2024-12-19T13:38:09.574-06:00  INFO 2862 --- [inventory-service] [           main] org.testcontainers.images.PullPolicy     : Image pull policy will be performed by: DefaultPullPolicy()
2024-12-19T13:38:09.575-06:00  INFO 2862 --- [inventory-service] [           main] o.t.utility.ImageNameSubstitutor         : Image name substitution will be performed by: DefaultImageNameSubstitutor (composite of 'ConfigurationFileImageNameSubstitutor' and 'PrefixingImageNameSubstitutor')
2024-12-19T13:38:09.583-06:00  INFO 2862 --- [inventory-service] [           main] org.testcontainers.DockerClientFactory   : Testcontainers version: 1.20.4
2024-12-19T13:38:09.662-06:00  INFO 2862 --- [inventory-service] [           main] o.t.d.DockerClientProviderStrategy       : Loaded org.testcontainers.dockerclient.UnixSocketClientProviderStrategy from ~/.testcontainers.properties, will try it first
2024-12-19T13:38:09.774-06:00  INFO 2862 --- [inventory-service] [           main] o.t.d.DockerClientProviderStrategy       : Found Docker environment with local Unix socket (unix:///var/run/docker.sock)
2024-12-19T13:38:09.775-06:00  INFO 2862 --- [inventory-service] [           main] org.testcontainers.DockerClientFactory   : Docker host IP address is localhost
2024-12-19T13:38:09.786-06:00  INFO 2862 --- [inventory-service] [           main] org.testcontainers.DockerClientFactory   : Connected to docker: 
  Server Version: 27.3.1
  API Version: 1.47
  Operating System: Docker Desktop
  Total Memory: 7836 MB
  Labels: 
    com.docker.desktop.address=unix:///Users/rohitkanithi/Library/Containers/com.docker.docker/Data/docker-cli.sock
2024-12-19T13:38:09.798-06:00  INFO 2862 --- [inventory-service] [           main] tc.testcontainers/ryuk:0.11.0            : Creating container for image: testcontainers/ryuk:0.11.0
2024-12-19T13:38:09.991-06:00  INFO 2862 --- [inventory-service] [           main] tc.testcontainers/ryuk:0.11.0            : Container testcontainers/ryuk:0.11.0 is starting: f560b89bc8c77098f047038225bc284a5992564f2f957ee84b800af02a3a25d7
2024-12-19T13:38:10.218-06:00  INFO 2862 --- [inventory-service] [           main] tc.testcontainers/ryuk:0.11.0            : Container testcontainers/ryuk:0.11.0 started in PT0.420159S
2024-12-19T13:38:10.222-06:00  INFO 2862 --- [inventory-service] [           main] o.t.utility.RyukResourceReaper           : Ryuk started - will monitor and terminate Testcontainers containers on JVM exit
2024-12-19T13:38:10.222-06:00  INFO 2862 --- [inventory-service] [           main] org.testcontainers.DockerClientFactory   : Checking the system...
2024-12-19T13:38:10.222-06:00  INFO 2862 --- [inventory-service] [           main] org.testcontainers.DockerClientFactory   : ✔︎ Docker server version should be at least 1.6.0
2024-12-19T13:38:10.224-06:00  INFO 2862 --- [inventory-service] [           main] tc.mysql:latest                          : Creating container for image: mysql:latest
2024-12-19T13:38:10.260-06:00  INFO 2862 --- [inventory-service] [           main] tc.mysql:latest                          : Container mysql:latest is starting: c88368b3af954ebc581c92b546fd1e57179bfea74b602a956267e1851009c846
2024-12-19T13:38:10.439-06:00  INFO 2862 --- [inventory-service] [           main] tc.mysql:latest                          : Waiting for database connection to become available at jdbc:mysql://localhost:51309/test using query 'SELECT 1'
2024-12-19T13:38:17.238-06:00  INFO 2862 --- [inventory-service] [           main] tc.mysql:latest                          : Container mysql:latest started in PT7.014321S
2024-12-19T13:38:17.238-06:00  INFO 2862 --- [inventory-service] [           main] tc.mysql:latest                          : Container is started (JDBC URL: jdbc:mysql://localhost:51309/test)
2024-12-19T13:38:17.252-06:00 DEBUG 2862 --- [inventory-service] [           main] com.zaxxer.hikari.HikariConfig           : Driver class com.mysql.cj.jdbc.Driver found in Thread context class loader jdk.internal.loader.ClassLoaders$AppClassLoader@18ff02e4
2024-12-19T13:38:17.258-06:00 DEBUG 2862 --- [inventory-service] [           main] com.zaxxer.hikari.HikariConfig           : Driver class com.mysql.cj.jdbc.Driver found in Thread context class loader jdk.internal.loader.ClassLoaders$AppClassLoader@18ff02e4
2024-12-19T13:38:17.288-06:00  INFO 2862 --- [inventory-service] [           main] o.hibernate.jpa.internal.util.LogHelper  : HHH000204: Processing PersistenceUnitInfo [name: default]
2024-12-19T13:38:17.307-06:00  INFO 2862 --- [inventory-service] [           main] org.hibernate.Version                    : HHH000412: Hibernate ORM core version 6.6.2.Final
2024-12-19T13:38:17.317-06:00  INFO 2862 --- [inventory-service] [           main] o.h.c.internal.RegionFactoryInitiator    : HHH000026: Second-level cache disabled
2024-12-19T13:38:17.406-06:00  INFO 2862 --- [inventory-service] [           main] o.s.o.j.p.SpringPersistenceUnitInfo      : No LoadTimeWeaver setup: ignoring JPA class transformer
2024-12-19T13:38:17.416-06:00 DEBUG 2862 --- [inventory-service] [           main] com.zaxxer.hikari.HikariConfig           : HikariPool-1 - configuration:
2024-12-19T13:38:17.417-06:00 DEBUG 2862 --- [inventory-service] [           main] com.zaxxer.hikari.HikariConfig           : allowPoolSuspension.............false
2024-12-19T13:38:17.417-06:00 DEBUG 2862 --- [inventory-service] [           main] com.zaxxer.hikari.HikariConfig           : autoCommit......................true
2024-12-19T13:38:17.417-06:00 DEBUG 2862 --- [inventory-service] [           main] com.zaxxer.hikari.HikariConfig           : catalog.........................none
2024-12-19T13:38:17.417-06:00 DEBUG 2862 --- [inventory-service] [           main] com.zaxxer.hikari.HikariConfig           : connectionInitSql...............none
2024-12-19T13:38:17.417-06:00 DEBUG 2862 --- [inventory-service] [           main] com.zaxxer.hikari.HikariConfig           : connectionTestQuery.............none
2024-12-19T13:38:17.417-06:00 DEBUG 2862 --- [inventory-service] [           main] com.zaxxer.hikari.HikariConfig           : connectionTimeout...............30000
2024-12-19T13:38:17.417-06:00 DEBUG 2862 --- [inventory-service] [           main] com.zaxxer.hikari.HikariConfig           : dataSource......................none
2024-12-19T13:38:17.418-06:00 DEBUG 2862 --- [inventory-service] [           main] com.zaxxer.hikari.HikariConfig           : dataSourceClassName.............none
2024-12-19T13:38:17.418-06:00 DEBUG 2862 --- [inventory-service] [           main] com.zaxxer.hikari.HikariConfig           : dataSourceJNDI..................none
2024-12-19T13:38:17.418-06:00 DEBUG 2862 --- [inventory-service] [           main] com.zaxxer.hikari.HikariConfig           : dataSourceProperties............{password=<masked>}
2024-12-19T13:38:17.418-06:00 DEBUG 2862 --- [inventory-service] [           main] com.zaxxer.hikari.HikariConfig           : driverClassName................."com.mysql.cj.jdbc.Driver"
2024-12-19T13:38:17.418-06:00 DEBUG 2862 --- [inventory-service] [           main] com.zaxxer.hikari.HikariConfig           : exceptionOverrideClassName......none
2024-12-19T13:38:17.418-06:00 DEBUG 2862 --- [inventory-service] [           main] com.zaxxer.hikari.HikariConfig           : healthCheckProperties...........{}
2024-12-19T13:38:17.418-06:00 DEBUG 2862 --- [inventory-service] [           main] com.zaxxer.hikari.HikariConfig           : healthCheckRegistry.............none
2024-12-19T13:38:17.418-06:00 DEBUG 2862 --- [inventory-service] [           main] com.zaxxer.hikari.HikariConfig           : idleTimeout.....................600000
2024-12-19T13:38:17.418-06:00 DEBUG 2862 --- [inventory-service] [           main] com.zaxxer.hikari.HikariConfig           : initializationFailTimeout.......1
2024-12-19T13:38:17.418-06:00 DEBUG 2862 --- [inventory-service] [           main] com.zaxxer.hikari.HikariConfig           : isolateInternalQueries..........false
2024-12-19T13:38:17.419-06:00 DEBUG 2862 --- [inventory-service] [           main] com.zaxxer.hikari.HikariConfig           : jdbcUrl.........................jdbc:mysql://localhost:51309/test
2024-12-19T13:38:17.419-06:00 DEBUG 2862 --- [inventory-service] [           main] com.zaxxer.hikari.HikariConfig           : keepaliveTime...................0
2024-12-19T13:38:17.419-06:00 DEBUG 2862 --- [inventory-service] [           main] com.zaxxer.hikari.HikariConfig           : leakDetectionThreshold..........0
2024-12-19T13:38:17.419-06:00 DEBUG 2862 --- [inventory-service] [           main] com.zaxxer.hikari.HikariConfig           : maxLifetime.....................1800000
2024-12-19T13:38:17.419-06:00 DEBUG 2862 --- [inventory-service] [           main] com.zaxxer.hikari.HikariConfig           : maximumPoolSize.................10
2024-12-19T13:38:17.419-06:00 DEBUG 2862 --- [inventory-service] [           main] com.zaxxer.hikari.HikariConfig           : metricRegistry..................none
2024-12-19T13:38:17.419-06:00 DEBUG 2862 --- [inventory-service] [           main] com.zaxxer.hikari.HikariConfig           : metricsTrackerFactory...........none
2024-12-19T13:38:17.419-06:00 DEBUG 2862 --- [inventory-service] [           main] com.zaxxer.hikari.HikariConfig           : minimumIdle.....................10
2024-12-19T13:38:17.419-06:00 DEBUG 2862 --- [inventory-service] [           main] com.zaxxer.hikari.HikariConfig           : password........................<masked>
2024-12-19T13:38:17.419-06:00 DEBUG 2862 --- [inventory-service] [           main] com.zaxxer.hikari.HikariConfig           : poolName........................"HikariPool-1"
2024-12-19T13:38:17.419-06:00 DEBUG 2862 --- [inventory-service] [           main] com.zaxxer.hikari.HikariConfig           : readOnly........................false
2024-12-19T13:38:17.419-06:00 DEBUG 2862 --- [inventory-service] [           main] com.zaxxer.hikari.HikariConfig           : registerMbeans..................false
2024-12-19T13:38:17.419-06:00 DEBUG 2862 --- [inventory-service] [           main] com.zaxxer.hikari.HikariConfig           : scheduledExecutor...............none
2024-12-19T13:38:17.419-06:00 DEBUG 2862 --- [inventory-service] [           main] com.zaxxer.hikari.HikariConfig           : schema..........................none
2024-12-19T13:38:17.419-06:00 DEBUG 2862 --- [inventory-service] [           main] com.zaxxer.hikari.HikariConfig           : threadFactory...................internal
2024-12-19T13:38:17.419-06:00 DEBUG 2862 --- [inventory-service] [           main] com.zaxxer.hikari.HikariConfig           : transactionIsolation............default
2024-12-19T13:38:17.420-06:00 DEBUG 2862 --- [inventory-service] [           main] com.zaxxer.hikari.HikariConfig           : username........................"test"
2024-12-19T13:38:17.420-06:00 DEBUG 2862 --- [inventory-service] [           main] com.zaxxer.hikari.HikariConfig           : validationTimeout...............5000
2024-12-19T13:38:17.420-06:00  INFO 2862 --- [inventory-service] [           main] com.zaxxer.hikari.HikariDataSource       : HikariPool-1 - Starting...
2024-12-19T13:38:17.532-06:00  INFO 2862 --- [inventory-service] [           main] com.zaxxer.hikari.pool.HikariPool        : HikariPool-1 - Added connection com.mysql.cj.jdbc.ConnectionImpl@709d2a6c
2024-12-19T13:38:17.532-06:00  INFO 2862 --- [inventory-service] [           main] com.zaxxer.hikari.HikariDataSource       : HikariPool-1 - Start completed.
2024-12-19T13:38:17.566-06:00  INFO 2862 --- [inventory-service] [           main] org.hibernate.orm.connections.pooling    : HHH10001005: Database info:
	Database JDBC URL [Connecting through datasource 'HikariDataSource (HikariPool-1)']
	Database driver: undefined/unknown
	Database version: 9.1
	Autocommit mode: undefined/unknown
	Isolation level: undefined/unknown
	Minimum pool size: undefined/unknown
	Maximum pool size: undefined/unknown
2024-12-19T13:38:17.635-06:00 DEBUG 2862 --- [inventory-service] [l-1 housekeeper] com.zaxxer.hikari.pool.HikariPool        : HikariPool-1 - Pool stats (total=1, active=0, idle=1, waiting=0)
2024-12-19T13:38:17.652-06:00 DEBUG 2862 --- [inventory-service] [onnection adder] com.zaxxer.hikari.pool.HikariPool        : HikariPool-1 - Added connection com.mysql.cj.jdbc.ConnectionImpl@69eb6334
2024-12-19T13:38:17.686-06:00 DEBUG 2862 --- [inventory-service] [onnection adder] com.zaxxer.hikari.pool.HikariPool        : HikariPool-1 - After adding stats (total=2, active=0, idle=2, waiting=0)
2024-12-19T13:38:17.702-06:00 DEBUG 2862 --- [inventory-service] [onnection adder] com.zaxxer.hikari.pool.HikariPool        : HikariPool-1 - Added connection com.mysql.cj.jdbc.ConnectionImpl@28d6690f
2024-12-19T13:38:17.737-06:00 DEBUG 2862 --- [inventory-service] [onnection adder] com.zaxxer.hikari.pool.HikariPool        : HikariPool-1 - After adding stats (total=3, active=0, idle=3, waiting=0)
2024-12-19T13:38:17.754-06:00 DEBUG 2862 --- [inventory-service] [onnection adder] com.zaxxer.hikari.pool.HikariPool        : HikariPool-1 - Added connection com.mysql.cj.jdbc.ConnectionImpl@193460b4
2024-12-19T13:38:17.788-06:00 DEBUG 2862 --- [inventory-service] [onnection adder] com.zaxxer.hikari.pool.HikariPool        : HikariPool-1 - After adding stats (total=4, active=0, idle=4, waiting=0)
2024-12-19T13:38:17.804-06:00 DEBUG 2862 --- [inventory-service] [onnection adder] com.zaxxer.hikari.pool.HikariPool        : HikariPool-1 - Added connection com.mysql.cj.jdbc.ConnectionImpl@48f99640
2024-12-19T13:38:17.839-06:00 DEBUG 2862 --- [inventory-service] [onnection adder] com.zaxxer.hikari.pool.HikariPool        : HikariPool-1 - After adding stats (total=5, active=0, idle=5, waiting=0)
2024-12-19T13:38:17.854-06:00 DEBUG 2862 --- [inventory-service] [onnection adder] com.zaxxer.hikari.pool.HikariPool        : HikariPool-1 - Added connection com.mysql.cj.jdbc.ConnectionImpl@4cb7aa08
2024-12-19T13:38:17.855-06:00  INFO 2862 --- [inventory-service] [           main] o.h.e.t.j.p.i.JtaPlatformInitiator       : HHH000489: No JTA platform available (set 'hibernate.transaction.jta.platform' to enable JTA platform integration)
2024-12-19T13:38:17.856-06:00  INFO 2862 --- [inventory-service] [           main] j.LocalContainerEntityManagerFactoryBean : Initialized JPA EntityManagerFactory for persistence unit 'default'
2024-12-19T13:38:17.888-06:00 DEBUG 2862 --- [inventory-service] [onnection adder] com.zaxxer.hikari.pool.HikariPool        : HikariPool-1 - After adding stats (total=6, active=0, idle=6, waiting=0)
2024-12-19T13:38:17.902-06:00 DEBUG 2862 --- [inventory-service] [onnection adder] com.zaxxer.hikari.pool.HikariPool        : HikariPool-1 - Added connection com.mysql.cj.jdbc.ConnectionImpl@29131f6e
2024-12-19T13:38:17.937-06:00 DEBUG 2862 --- [inventory-service] [onnection adder] com.zaxxer.hikari.pool.HikariPool        : HikariPool-1 - After adding stats (total=7, active=0, idle=7, waiting=0)
2024-12-19T13:38:17.952-06:00 DEBUG 2862 --- [inventory-service] [onnection adder] com.zaxxer.hikari.pool.HikariPool        : HikariPool-1 - Added connection com.mysql.cj.jdbc.ConnectionImpl@53807bcb
2024-12-19T13:38:17.987-06:00 DEBUG 2862 --- [inventory-service] [onnection adder] com.zaxxer.hikari.pool.HikariPool        : HikariPool-1 - After adding stats (total=8, active=0, idle=8, waiting=0)
2024-12-19T13:38:18.003-06:00 DEBUG 2862 --- [inventory-service] [onnection adder] com.zaxxer.hikari.pool.HikariPool        : HikariPool-1 - Added connection com.mysql.cj.jdbc.ConnectionImpl@31d2bcff
2024-12-19T13:38:18.021-06:00  WARN 2862 --- [inventory-service] [           main] JpaBaseConfiguration$JpaWebConfiguration : spring.jpa.open-in-view is enabled by default. Therefore, database queries may be performed during view rendering. Explicitly configure spring.jpa.open-in-view to disable this warning
2024-12-19T13:38:18.036-06:00 DEBUG 2862 --- [inventory-service] [onnection adder] com.zaxxer.hikari.pool.HikariPool        : HikariPool-1 - After adding stats (total=9, active=0, idle=9, waiting=0)
2024-12-19T13:38:18.047-06:00 DEBUG 2862 --- [inventory-service] [onnection adder] com.zaxxer.hikari.pool.HikariPool        : HikariPool-1 - Added connection com.mysql.cj.jdbc.ConnectionImpl@7048fc64
2024-12-19T13:38:18.082-06:00 DEBUG 2862 --- [inventory-service] [onnection adder] com.zaxxer.hikari.pool.HikariPool        : HikariPool-1 - After adding stats (total=10, active=0, idle=10, waiting=0)
2024-12-19T13:38:18.151-06:00  INFO 2862 --- [inventory-service] [           main] c.t.m.i.InventoryServiceApplicationTests : Started InventoryServiceApplicationTests in 9.099 seconds (process running for 9.487)
]]></system-out>
    <system-err><![CDATA[Mockito is currently self-attaching to enable the inline-mock-maker. This will no longer work in future releases of the JDK. Please add Mockito as an agent to your build what is described in Mockito's documentation: https://javadoc.io/doc/org.mockito/mockito-core/latest/org/mockito/Mockito.html#0.3
WARNING: A Java agent has been loaded dynamically (/Users/rohitkanithi/.m2/repository/net/bytebuddy/byte-buddy-agent/1.15.10/byte-buddy-agent-1.15.10.jar)
WARNING: If a serviceability tool is in use, please run with -XX:+EnableDynamicAgentLoading to hide this warning
WARNING: If a serviceability tool is not in use, please run with -Djdk.instrument.traceUsage for more information
WARNING: Dynamic loading of agents will be disallowed by default in a future release
]]></system-err>
  </testcase>
</testsuite>